Determining if the pthread_create exist failed with the following output:
Change Dir: /dados/alopes/caffe/CMakeFiles/CMakeTmp

Run Build Command:"/usr/bin/make" "cmTC_b8613/fast"
/usr/bin/make -f CMakeFiles/cmTC_b8613.dir/build.make CMakeFiles/cmTC_b8613.dir/build
make[1]: Entering directory `/dados/alopes/caffe/CMakeFiles/CMakeTmp'
Building C object CMakeFiles/cmTC_b8613.dir/CheckSymbolExists.c.o
/usr/bin/cc    -o CMakeFiles/cmTC_b8613.dir/CheckSymbolExists.c.o   -c /dados/alopes/caffe/CMakeFiles/CMakeTmp/CheckSymbolExists.c
Linking C executable cmTC_b8613
/usr/bin/cmake -E cmake_link_script CMakeFiles/cmTC_b8613.dir/link.txt --verbose=1
/usr/bin/cc       CMakeFiles/cmTC_b8613.dir/CheckSymbolExists.c.o  -o cmTC_b8613 -rdynamic 
CMakeFiles/cmTC_b8613.dir/CheckSymbolExists.c.o: In function `main':
CheckSymbolExists.c:(.text+0x16): undefined reference to `pthread_create'
collect2: ld returned 1 exit status
make[1]: *** [cmTC_b8613] Error 1
make[1]: Leaving directory `/dados/alopes/caffe/CMakeFiles/CMakeTmp'
make: *** [cmTC_b8613/fast] Error 2

File /dados/alopes/caffe/CMakeFiles/CMakeTmp/CheckSymbolExists.c:
/* */
#include <pthread.h>

int main(int argc, char** argv)
{
  (void)argv;
#ifndef pthread_create
  return ((int*)(&pthread_create))[argc];
#else
  (void)argc;
  return 0;
#endif
}

Determining if the function pthread_create exists in the pthreads failed with the following output:
Change Dir: /dados/alopes/caffe/CMakeFiles/CMakeTmp

Run Build Command:"/usr/bin/make" "cmTC_6becb/fast"
/usr/bin/make -f CMakeFiles/cmTC_6becb.dir/build.make CMakeFiles/cmTC_6becb.dir/build
make[1]: Entering directory `/dados/alopes/caffe/CMakeFiles/CMakeTmp'
Building C object CMakeFiles/cmTC_6becb.dir/CheckFunctionExists.c.o
/usr/bin/cc   -DCHECK_FUNCTION_EXISTS=pthread_create   -o CMakeFiles/cmTC_6becb.dir/CheckFunctionExists.c.o   -c /usr/share/cmake-3.3/Modules/CheckFunctionExists.c
Linking C executable cmTC_6becb
/usr/bin/cmake -E cmake_link_script CMakeFiles/cmTC_6becb.dir/link.txt --verbose=1
/usr/bin/cc   -DCHECK_FUNCTION_EXISTS=pthread_create    CMakeFiles/cmTC_6becb.dir/CheckFunctionExists.c.o  -o cmTC_6becb -rdynamic -lpthreads 
/usr/bin/ld: cannot find -lpthreads
collect2: ld returned 1 exit status
make[1]: *** [cmTC_6becb] Error 1
make[1]: Leaving directory `/dados/alopes/caffe/CMakeFiles/CMakeTmp'
make: *** [cmTC_6becb/fast] Error 2


Determining if the pthread_create exist failed with the following output:
Change Dir: /dados/alopes/teste-git/caffe/CMakeFiles/CMakeTmp

Run Build Command:"/usr/bin/make" "cmTC_79214/fast"
/usr/bin/make -f CMakeFiles/cmTC_79214.dir/build.make CMakeFiles/cmTC_79214.dir/build
make[1]: Entering directory `/dados/alopes/teste-git/caffe/CMakeFiles/CMakeTmp'
Building C object CMakeFiles/cmTC_79214.dir/CheckSymbolExists.c.o
/usr/bin/cc    -o CMakeFiles/cmTC_79214.dir/CheckSymbolExists.c.o   -c /dados/alopes/teste-git/caffe/CMakeFiles/CMakeTmp/CheckSymbolExists.c
Linking C executable cmTC_79214
/usr/bin/cmake -E cmake_link_script CMakeFiles/cmTC_79214.dir/link.txt --verbose=1
/usr/bin/cc       CMakeFiles/cmTC_79214.dir/CheckSymbolExists.c.o  -o cmTC_79214 -rdynamic 
CMakeFiles/cmTC_79214.dir/CheckSymbolExists.c.o: In function `main':
CheckSymbolExists.c:(.text+0x16): undefined reference to `pthread_create'
collect2: ld returned 1 exit status
make[1]: *** [cmTC_79214] Error 1
make[1]: Leaving directory `/dados/alopes/teste-git/caffe/CMakeFiles/CMakeTmp'
make: *** [cmTC_79214/fast] Error 2

File /dados/alopes/teste-git/caffe/CMakeFiles/CMakeTmp/CheckSymbolExists.c:
/* */
#include <pthread.h>

int main(int argc, char** argv)
{
  (void)argv;
#ifndef pthread_create
  return ((int*)(&pthread_create))[argc];
#else
  (void)argc;
  return 0;
#endif
}

Determining if the function pthread_create exists in the pthreads failed with the following output:
Change Dir: /dados/alopes/teste-git/caffe/CMakeFiles/CMakeTmp

Run Build Command:"/usr/bin/make" "cmTC_ade6d/fast"
/usr/bin/make -f CMakeFiles/cmTC_ade6d.dir/build.make CMakeFiles/cmTC_ade6d.dir/build
make[1]: Entering directory `/dados/alopes/teste-git/caffe/CMakeFiles/CMakeTmp'
Building C object CMakeFiles/cmTC_ade6d.dir/CheckFunctionExists.c.o
/usr/bin/cc   -DCHECK_FUNCTION_EXISTS=pthread_create   -o CMakeFiles/cmTC_ade6d.dir/CheckFunctionExists.c.o   -c /usr/share/cmake-3.3/Modules/CheckFunctionExists.c
Linking C executable cmTC_ade6d
/usr/bin/cmake -E cmake_link_script CMakeFiles/cmTC_ade6d.dir/link.txt --verbose=1
/usr/bin/cc   -DCHECK_FUNCTION_EXISTS=pthread_create    CMakeFiles/cmTC_ade6d.dir/CheckFunctionExists.c.o  -o cmTC_ade6d -rdynamic -lpthreads 
/usr/bin/ld: cannot find -lpthreads
collect2: ld returned 1 exit status
make[1]: *** [cmTC_ade6d] Error 1
make[1]: Leaving directory `/dados/alopes/teste-git/caffe/CMakeFiles/CMakeTmp'
make: *** [cmTC_ade6d/fast] Error 2


